<?xml version="1.0" encoding="UTF-8"?>
<testng-results skipped="0" failed="0" ignored="0" total="2" passed="2">
  <reporter-output>
  </reporter-output>
  <suite name="Default suite" duration-ms="66" started-at="2018-11-10T09:51:04Z" finished-at="2018-11-10T09:51:04Z">
    <groups>
    </groups>
    <test name="Default test" duration-ms="66" started-at="2018-11-10T09:51:04Z" finished-at="2018-11-10T09:51:04Z">
      <class name="facebook.NewTest">
        <test-method status="PASS" signature="MicrosoftEdgeTest1()[pri:0, instance:facebook.NewTest@87f383f]" name="MicrosoftEdgeTest1" duration-ms="14" started-at="2018-11-10T09:51:04Z" finished-at="2018-11-10T09:51:04Z">
          <reporter-output>
          </reporter-output>
        </test-method> <!-- MicrosoftEdgeTest1 -->
        <test-method status="PASS" signature="MicrosoftEdgeTest2()[pri:0, instance:facebook.NewTest@87f383f]" name="MicrosoftEdgeTest2" duration-ms="3" started-at="2018-11-10T09:51:04Z" finished-at="2018-11-10T09:51:04Z">
          <reporter-output>
          </reporter-output>
        </test-method> <!-- MicrosoftEdgeTest2 -->
      </class> <!-- facebook.NewTest -->
    </test> <!-- Default test -->
  </suite> <!-- Default suite -->
</testng-results>
